Removed Pin From Net: NetName=LED Pin=Arduino1-D10
Removed Pin From Net: NetName=A0 Pin=CB1-3
Removed Pin From Net: NetName=A1 Pin=CB2-4
Removed Pin From Net: NetName=GND Pin=R1-1
Removed Pin From Net: NetName=NetL1_2 Pin=R1-2
Removed Pin From Net: NetName=GND Pin=R2-1
Removed Pin From Net: NetName=NetL1_1 Pin=R2-2
Change Component Footprint: Designator=C3 Old Footprint=C10mm New Footprint=CAP-ALU-SMD-G
Change Component Footprint: Designator=R1 Old Footprint=R1/4W New Footprint=RES-SMD-0805
Change Component Footprint: Designator=R2 Old Footprint=R1/4W New Footprint=RES-SMD-0805
Change Component Comment : Designator=R1 Old Comment=Res1 New Comment=10K
Change Component Comment : Designator=R2 Old Comment=Res1 New Comment=10K
Change component parameters: Designator = "R1" ("R1"); Footprint = "R1/4W"; UniqueID = "\SVVTJBKJ" ("\SVVTJBKJ")
Change component parameters (AddParameter): Name = "Class"; Value = "Passive"; VariantName = "[No Variations]"
Change component parameters (AddParameter): Name = "Manufacturer"; Value = "Generic Components"; VariantName = "[No Variations]"
Change component parameters (AddParameter): Name = "Published"; Value = "08/06/2000"; VariantName = "[No Variations]"
Change component parameters (AddParameter): Name = "Publisher"; Value = "Altium Hobart Technology Centre"; VariantName = "[No Variations]"
Change component parameters: Designator = "R2" ("R2"); Footprint = "R1/4W"; UniqueID = "\SXHCBGPS" ("\SXHCBGPS")
Change component parameters (AddParameter): Name = "Class"; Value = "Passive"; VariantName = "[No Variations]"
Change component parameters (AddParameter): Name = "Manufacturer"; Value = "Generic Components"; VariantName = "[No Variations]"
Change component parameters (AddParameter): Name = "Published"; Value = "08/06/2000"; VariantName = "[No Variations]"
Change component parameters (AddParameter): Name = "Publisher"; Value = "Altium Hobart Technology Centre"; VariantName = "[No Variations]"
Added Component: Designator=C2(CAP-ALU-SMD-G)
Add component (AddParameter): Name = "LatestRevisionDate"; Value = "17-Jul-2002"; VariantName = "[No Variations]"
Add component (AddParameter): Name = "LatestRevisionNote"; Value = "Re-released for DXP Platform."; VariantName = "[No Variations]"
Add component (AddParameter): Name = "PackageReference"; Value = "POLAR0.8"; VariantName = "[No Variations]"
Add component (AddParameter): Name = "Published"; Value = "8-Jun-2000"; VariantName = "[No Variations]"
Add component (AddParameter): Name = "Publisher"; Value = "Altium Limited"; VariantName = "[No Variations]"
Added Component: Designator=C4(CN2)
Add component (AddParameter): Name = "Value"; Value = "0.1uF"; VariantName = "[No Variations]"
Added Component: Designator=C5(CN2)
Add component (AddParameter): Name = "Value"; Value = "0.1uF"; VariantName = "[No Variations]"
Added Component: Designator=IC1(TO220H1)
Add component (AddParameter): Name = "ComponentLink1Description"; Value = "Manufacturer Link"; VariantName = "[No Variations]"
Add component (AddParameter): Name = "ComponentLink1URL"; Value = "http://www.st.com/"; VariantName = "[No Variations]"
Add component (AddParameter): Name = "ComponentLink2Description"; Value = "Datasheet"; VariantName = "[No Variations]"
Add component (AddParameter): Name = "ComponentLink2URL"; Value = "http://www.st.com/stonline/products/literature/ds/2146/l78m05c.pdf"; VariantName = "[No Variations]"
Add component (AddParameter): Name = "DatasheetVersion"; Value = "Apr-1994"; VariantName = "[No Variations]"
Add component (AddParameter): Name = "LatestRevisionDate"; Value = "17-Jul-2002"; VariantName = "[No Variations]"
Add component (AddParameter): Name = "LatestRevisionNote"; Value = "Re-released for DXP Platform."; VariantName = "[No Variations]"
Add component (AddParameter): Name = "Note"; Value = "Tab is connected to pin 3 (GND)."; VariantName = "[No Variations]"
Add component (AddParameter): Name = "PackageDescription"; Value = "TO, Thru-Hole, Vertical, Heatsink Mounted; 3 In-Line Leads; Pitch 2.54 mm; Pin sequence 1, 3, 2"; VariantName = "[No Variations]"
Add component (AddParameter): Name = "PackageReference"; Value = "ISOWATT220AB"; VariantName = "[No Variations]"
Add component (AddParameter): Name = "PackageVersion"; Value = "Jul-1998"; VariantName = "[No Variations]"
Add component (AddParameter): Name = "Published"; Value = "24-Aug-2001"; VariantName = "[No Variations]"
Add component (AddParameter): Name = "Publisher"; Value = "Altium Limited"; VariantName = "[No Variations]"
Added Component: Designator=LED1(LED-0805-Green)
Add component (AddParameter): Name = "Value"; Value = "LED 3 - 5 ly 2 Colour"; VariantName = "[No Variations]"
Added Component: Designator=R4(RES-SMD-0805)
Add component (AddParameter): Name = "Class"; Value = "Passive"; VariantName = "[No Variations]"
Add component (AddParameter): Name = "Manufacturer"; Value = "Generic Components"; VariantName = "[No Variations]"
Add component (AddParameter): Name = "Published"; Value = "08/06/2000"; VariantName = "[No Variations]"
Add component (AddParameter): Name = "Publisher"; Value = "Altium Hobart Technology Centre"; VariantName = "[No Variations]"
Added Component: Designator=R5(RES-SMD-0805)
Add component (AddParameter): Name = "Class"; Value = "Passive"; VariantName = "[No Variations]"
Add component (AddParameter): Name = "Manufacturer"; Value = "Generic Components"; VariantName = "[No Variations]"
Add component (AddParameter): Name = "Published"; Value = "08/06/2000"; VariantName = "[No Variations]"
Add component (AddParameter): Name = "Publisher"; Value = "Altium Hobart Technology Centre"; VariantName = "[No Variations]"
Added Pin To Net: NetName=LED Pin=Arduino1-D13
Added Pin To Net: NetName=NetC2_1 Pin=C2-1
Added Pin To Net: NetName=GND Pin=C2-2
Added Pin To Net: NetName=GND Pin=C4-1
Added Pin To Net: NetName=NetC2_1 Pin=C4-2
Added Pin To Net: NetName=GND Pin=C5-1
Added Pin To Net: NetName=VCC Pin=C5-2
Added Pin To Net: NetName=A1 Pin=CB1-3
Added Pin To Net: NetName=A0 Pin=CB2-4
Added Pin To Net: NetName=NetC2_1 Pin=IC1-1
Added Pin To Net: NetName=GND Pin=IC1-2
Added Pin To Net: NetName=VCC Pin=IC1-3
Added Pin To Net: NetName=NetLED1_1 Pin=LED1-1
Added Pin To Net: NetName=GND Pin=LED1-2
Added Pin To Net: NetName=NetL1_2 Pin=R1-1
Added Pin To Net: NetName=GND Pin=R1-2
Added Pin To Net: NetName=NetL1_1 Pin=R2-1
Added Pin To Net: NetName=GND Pin=R2-2
Added Pin To Net: NetName=5V Pin=R4-1
Added Pin To Net: NetName=DATA Pin=R4-2
Added Pin To Net: NetName=VCC Pin=R5-1
Added Pin To Net: NetName=NetLED1_1 Pin=R5-2
Added Member To Class: ClassName=Sheet_LoraE32_Transmission_V1.1 Member=Component C2 1000uF/16V
Added Member To Class: ClassName=Sheet_LoraE32_Transmission_V1.1 Member=Component C4 100nF
Added Member To Class: ClassName=Sheet_LoraE32_Transmission_V1.1 Member=Component C5 100nF
Added Member To Class: ClassName=Sheet_LoraE32_Transmission_V1.1 Member=Component CB1 CB DAT
Added Member To Class: ClassName=Sheet_LoraE32_Transmission_V1.1 Member=Component IC1 LM7805
Added Member To Class: ClassName=Sheet_LoraE32_Transmission_V1.1 Member=Component LED1 LED
Added Member To Class: ClassName=Sheet_LoraE32_Transmission_V1.1 Member=Component R4 10K
Added Member To Class: ClassName=Sheet_LoraE32_Transmission_V1.1 Member=Component R5 330R
