Removed Pin From Net: NetName=NetLED2_1 Pin=R1-1
Removed Pin From Net: NetName=5V Pin=R1-2
Removed Pin From Net: NetName=GND Pin=R2-1
Removed Pin From Net: NetName=Net*_2 Pin=R2-2
Removed Pin From Net: NetName=GND Pin=R3-1
Removed Pin From Net: NetName=NetLED1_2 Pin=R3-2
Removed Pin From Net: NetName=GND Pin=R4-1
Removed Pin From Net: NetName=Net*_1 Pin=R4-2
Change Component Footprint: Designator=LED2 Old Footprint=LED-3MM-BLUE New Footprint=LED-0805-Green
Change Component Footprint: Designator=R1 Old Footprint=R1/4W New Footprint=RES-SMD-0805
Change Component Footprint: Designator=R2 Old Footprint=R1/4W New Footprint=RES-SMD-0805
Change Component Footprint: Designator=R3 Old Footprint=R1/4W New Footprint=RES-SMD-0805
Change Component Footprint: Designator=R4 Old Footprint=R1/4W New Footprint=RES-SMD-0805
Change Component Comment : Designator=R2 Old Comment=Res1 New Comment=10k
Change Component Comment : Designator=R4 Old Comment=Res1 New Comment=10k
Change Component Comment : Designator=R1 Old Comment=Res1 New Comment=330R
Change Component Comment : Designator=R3 Old Comment=Res1 New Comment=330R
Change component parameters: Designator = "LED2" ("LED2"); Footprint = "LED-3MM-BLUE"; UniqueID = "\EQGFGVKK" ("\EQGFGVKK")
Change component parameters (AddParameter): Name = "Value"; Value = "LED 3 - 5 ly 2 Colour"; VariantName = "[No Variations]"
Change component parameters: Designator = "R1" ("R1"); Footprint = "R1/4W"; UniqueID = "\QJHYILVI" ("\QJHYILVI")
Change component parameters (AddParameter): Name = "Class"; Value = "Passive"; VariantName = "[No Variations]"
Change component parameters (AddParameter): Name = "Manufacturer"; Value = "Generic Components"; VariantName = "[No Variations]"
Change component parameters (AddParameter): Name = "Published"; Value = "08/06/2000"; VariantName = "[No Variations]"
Change component parameters (AddParameter): Name = "Publisher"; Value = "Altium Hobart Technology Centre"; VariantName = "[No Variations]"
Change component parameters: Designator = "R2" ("R2"); Footprint = "R1/4W"; UniqueID = "\WXCSNCDX" ("\WXCSNCDX")
Change component parameters (AddParameter): Name = "Class"; Value = "Passive"; VariantName = "[No Variations]"
Change component parameters (AddParameter): Name = "Manufacturer"; Value = "Generic Components"; VariantName = "[No Variations]"
Change component parameters (AddParameter): Name = "Published"; Value = "08/06/2000"; VariantName = "[No Variations]"
Change component parameters (AddParameter): Name = "Publisher"; Value = "Altium Hobart Technology Centre"; VariantName = "[No Variations]"
Change component parameters: Designator = "R3" ("R3"); Footprint = "R1/4W"; UniqueID = "\QHVHHVNW" ("\QHVHHVNW")
Change component parameters (AddParameter): Name = "Class"; Value = "Passive"; VariantName = "[No Variations]"
Change component parameters (AddParameter): Name = "Manufacturer"; Value = "Generic Components"; VariantName = "[No Variations]"
Change component parameters (AddParameter): Name = "Published"; Value = "08/06/2000"; VariantName = "[No Variations]"
Change component parameters (AddParameter): Name = "Publisher"; Value = "Altium Hobart Technology Centre"; VariantName = "[No Variations]"
Change component parameters: Designator = "R4" ("R4"); Footprint = "R1/4W"; UniqueID = "\TUIAGJHH" ("\TUIAGJHH")
Change component parameters (AddParameter): Name = "Class"; Value = "Passive"; VariantName = "[No Variations]"
Change component parameters (AddParameter): Name = "Manufacturer"; Value = "Generic Components"; VariantName = "[No Variations]"
Change component parameters (AddParameter): Name = "Published"; Value = "08/06/2000"; VariantName = "[No Variations]"
Change component parameters (AddParameter): Name = "Publisher"; Value = "Altium Hobart Technology Centre"; VariantName = "[No Variations]"
Added Pin To Net: NetName=5V Pin=R1-1
Added Pin To Net: NetName=NetLED2_1 Pin=R1-2
Added Pin To Net: NetName=Net*_2 Pin=R2-1
Added Pin To Net: NetName=GND Pin=R2-2
Added Pin To Net: NetName=NetLED1_2 Pin=R3-1
Added Pin To Net: NetName=GND Pin=R3-2
Added Pin To Net: NetName=Net*_1 Pin=R4-1
Added Pin To Net: NetName=GND Pin=R4-2
